2022-10-09 18:30:36.796  INFO 14940 --- [main] com.lanqiao.netdisk.Application          : Starting Application v2.0.2 using Java 1.8.0_261 on DESKTOP-78T0BDR with PID 14940 (D:\Project\LanqNetdisk\target\LanqNetdisk-2.0.2.jar started by BOSHUN in D:\Project\LanqNetdisk\target)
2022-10-09 18:30:36.799 DEBUG 14940 --- [main] com.lanqiao.netdisk.Application          : Running with Spring Boot v2.4.1, Spring v5.3.2
2022-10-09 18:30:36.802  INFO 14940 --- [main] com.lanqiao.netdisk.Application          : No active profile set, falling back to default profiles: default
2022-10-09 18:30:42.465  INFO 14940 --- [main] o.apache.catalina.core.StandardService   : Starting service [Tomcat]
2022-10-09 18:30:42.465  INFO 14940 --- [main] org.apache.catalina.core.StandardEngine  : Starting Servlet engine: [Apache Tomcat/9.0.41]
2022-10-09 18:30:42.572  INFO 14940 --- [main] o.a.c.c.C.[Tomcat].[localhost].[/]       : Initializing Spring embedded WebApplicationContext
2022-10-09 18:30:43.250  INFO 14940 --- [main] o.hibernate.jpa.internal.util.LogHelper  : HHH000204: Processing PersistenceUnitInfo [name: default]
2022-10-09 18:30:43.543  INFO 14940 --- [main] org.hibernate.Version                    : HHH000412: Hibernate ORM core version 5.4.25.Final
2022-10-09 18:30:43.814  INFO 14940 --- [main] o.hibernate.annotations.common.Version   : HCANN000001: Hibernate Commons Annotations {5.1.2.Final}
2022-10-09 18:30:44.062  INFO 14940 --- [main] com.zaxxer.hikari.HikariDataSource       : HikariPool-1 - Starting...
2022-10-09 18:30:45.280  INFO 14940 --- [main] com.zaxxer.hikari.HikariDataSource       : HikariPool-1 - Start completed.
2022-10-09 18:30:45.337  INFO 14940 --- [main] org.hibernate.dialect.Dialect            : HHH000400: Using dialect: org.hibernate.dialect.MySQL5InnoDBDialect
2022-10-09 18:30:46.593  INFO 14940 --- [main] o.h.e.t.j.p.i.JtaPlatformInitiator       : HHH000490: Using JtaPlatform implementation: [org.hibernate.engine.transaction.jta.platform.internal.NoJtaPlatform]
2022-10-09 18:30:51.498  WARN 14940 --- [main] JpaBaseConfiguration$JpaWebConfiguration : spring.jpa.open-in-view is enabled by default. Therefore, database queries may be performed during view rendering. Explicitly configure spring.jpa.open-in-view to disable this warning
2022-10-09 18:30:55.294  INFO 14940 --- [main] com.lanqiao.netdisk.Application          : Started Application in 19.362 seconds (JVM running for 19.973)
2022-10-09 18:31:35.266  INFO 14940 --- [http-nio-8081-exec-1] o.a.c.c.C.[Tomcat].[localhost].[/]       : Initializing Spring DispatcherServlet 'dispatcherServlet'
2022-10-09 18:31:35.536 ERROR 14940 --- [http-nio-8081-exec-1] c.l.netdisk.controller.UserController    : 解码异常
2022-10-09 18:31:35.625 ERROR 14940 --- [http-nio-8081-exec-2] c.l.netdisk.controller.UserController    : 解码异常
2022-10-09 18:31:48.406 DEBUG 14940 --- [http-nio-8081-exec-3] c.l.netdisk.mapper.UserMapper.selectOne  : ==>  Preparing: SELECT userId,username,password,telephone,salt,registerTime FROM user WHERE (telephone = ?)
2022-10-09 18:31:48.418 DEBUG 14940 --- [http-nio-8081-exec-3] c.l.netdisk.mapper.UserMapper.selectOne  : ==> Parameters: 18819951995(String)
2022-10-09 18:31:48.434 DEBUG 14940 --- [http-nio-8081-exec-3] c.l.netdisk.mapper.UserMapper.selectOne  : <==      Total: 1
2022-10-09 18:31:49.197 DEBUG 14940 --- [http-nio-8081-exec-5] c.l.n.m.UserFileMapper.userfileList      : ==>  Preparing: select * from userfile a left join file on file.fileId = a.fileId WHERE a.userId = ? ORDER BY isDir desc limit ?, ?
2022-10-09 18:31:49.197 DEBUG 14940 --- [http-nio-8081-exec-5] c.l.n.m.UserFileMapper.userfileList      : ==> Parameters: 13(Long), 0(Long), 10(Long)
2022-10-09 18:31:49.204 DEBUG 14940 --- [http-nio-8081-exec-5] c.l.n.m.UserFileMapper.userfileList      : <==      Total: 4
2022-10-09 18:31:49.217 DEBUG 14940 --- [http-nio-8081-exec-5] c.l.n.mapper.UserFileMapper.selectCount  : ==>  Preparing: SELECT COUNT( * ) FROM userfile WHERE (userId = ? AND filePath = ?)
2022-10-09 18:31:49.218 DEBUG 14940 --- [http-nio-8081-exec-5] c.l.n.mapper.UserFileMapper.selectCount  : ==> Parameters: 13(Long), null
2022-10-09 18:31:49.224 DEBUG 14940 --- [http-nio-8081-exec-5] c.l.n.mapper.UserFileMapper.selectCount  : <==      Total: 1
2022-10-09 18:31:55.277 DEBUG 14940 --- [http-nio-8081-exec-8] c.l.n.m.UserFileMapper.userfileList      : ==>  Preparing: select * from userfile a left join file on file.fileId = a.fileId WHERE a.userId = ? ORDER BY isDir desc limit ?, ?
2022-10-09 18:31:55.278 DEBUG 14940 --- [http-nio-8081-exec-8] c.l.n.m.UserFileMapper.userfileList      : ==> Parameters: 13(Long), 0(Long), 10(Long)
2022-10-09 18:31:55.282 DEBUG 14940 --- [http-nio-8081-exec-8] c.l.n.m.UserFileMapper.userfileList      : <==      Total: 4
2022-10-09 18:31:55.286 DEBUG 14940 --- [http-nio-8081-exec-8] c.l.n.mapper.UserFileMapper.selectCount  : ==>  Preparing: SELECT COUNT( * ) FROM userfile WHERE (userId = ? AND filePath = ?)
2022-10-09 18:31:55.287 DEBUG 14940 --- [http-nio-8081-exec-8] c.l.n.mapper.UserFileMapper.selectCount  : ==> Parameters: 13(Long), null
2022-10-09 18:31:55.289 DEBUG 14940 --- [http-nio-8081-exec-8] c.l.n.mapper.UserFileMapper.selectCount  : <==      Total: 1
